  Contador.cpp
  main.cpp
c:\users\b25448\documents\simulacion-paralela\simulacion\simulacion\tortuga.h(45): error C2059: syntax error: 'constant'
c:\users\b25448\documents\simulacion-paralela\simulacion\simulacion\aleatorizador.h(39): warning C4244: 'initializing': conversion from '_Rep' to 'unsigned int', possible loss of data
          with
          [
              _Rep=__int64
          ]
c:\users\b25448\documents\simulacion-paralela\simulacion\simulacion\simulador.h(93): warning C4290: C++ exception specification ignored except to indicate a function is not __declspec(nothrow)
c:\users\b25448\documents\simulacion-paralela\simulacion\simulacion\simulador.h(95): warning C4290: C++ exception specification ignored except to indicate a function is not __declspec(nothrow)
c:\users\b25448\documents\simulacion-paralela\simulacion\simulacion\simulador.h(100): warning C4290: C++ exception specification ignored except to indicate a function is not __declspec(nothrow)
c:\users\b25448\documents\simulacion-paralela\simulacion\simulacion\simulador.h(198): warning C4290: C++ exception specification ignored except to indicate a function is not __declspec(nothrow)
c:\users\b25448\documents\simulacion-paralela\simulacion\simulacion\simulador.h(221): warning C4290: C++ exception specification ignored except to indicate a function is not __declspec(nothrow)
c:\users\b25448\documents\simulacion-paralela\simulacion\simulacion\main.cpp(29): error C2065: 'lecturaDatosValidados': undeclared identifier
c:\users\b25448\documents\simulacion-paralela\simulacion\simulacion\main.cpp(29): error C2062: type 'double' unexpected
c:\users\b25448\documents\simulacion-paralela\simulacion\simulacion\main.cpp(32): warning C4244: '=': conversion from '_Ty' to 'int', possible loss of data
          with
          [
              _Ty=double
          ]
c:\users\b25448\documents\simulacion-paralela\simulacion\simulacion\main.cpp(33): warning C4244: '=': conversion from '_Ty' to 'int', possible loss of data
          with
          [
              _Ty=double
          ]
c:\users\b25448\documents\simulacion-paralela\simulacion\simulacion\main.cpp(34): warning C4244: '=': conversion from '_Ty' to 'int', possible loss of data
          with
          [
              _Ty=double
          ]
c:\users\b25448\documents\simulacion-paralela\simulacion\simulacion\main.cpp(41): warning C4244: '=': conversion from '_Ty' to 'int', possible loss of data
          with
          [
              _Ty=double
          ]
c:\users\b25448\documents\simulacion-paralela\simulacion\simulacion\main.cpp(49): warning C4290: C++ exception specification ignored except to indicate a function is not __declspec(nothrow)
c:\users\b25448\documents\simulacion-paralela\simulacion\simulacion\main.cpp(58): error C3861: 'simulador': identifier not found
c:\users\b25448\documents\simulacion-paralela\simulacion\simulacion\main.cpp(72): warning C4290: C++ exception specification ignored except to indicate a function is not __declspec(nothrow)
  Simulador.cpp
c:\users\b25448\documents\simulacion-paralela\simulacion\simulacion\tortuga.h(45): error C2059: syntax error: 'constant'
c:\users\b25448\documents\simulacion-paralela\simulacion\simulacion\aleatorizador.h(39): warning C4244: 'initializing': conversion from '_Rep' to 'unsigned int', possible loss of data
          with
          [
              _Rep=__int64
          ]
c:\users\b25448\documents\simulacion-paralela\simulacion\simulacion\simulador.h(93): warning C4290: C++ exception specification ignored except to indicate a function is not __declspec(nothrow)
c:\users\b25448\documents\simulacion-paralela\simulacion\simulacion\simulador.h(95): warning C4290: C++ exception specification ignored except to indicate a function is not __declspec(nothrow)
c:\users\b25448\documents\simulacion-paralela\simulacion\simulacion\simulador.h(100): warning C4290: C++ exception specification ignored except to indicate a function is not __declspec(nothrow)
c:\users\b25448\documents\simulacion-paralela\simulacion\simulacion\simulador.h(198): warning C4290: C++ exception specification ignored except to indicate a function is not __declspec(nothrow)
c:\users\b25448\documents\simulacion-paralela\simulacion\simulacion\simulador.h(221): warning C4290: C++ exception specification ignored except to indicate a function is not __declspec(nothrow)
c:\users\b25448\documents\simulacion-paralela\simulacion\simulacion\simulador.cpp(4): error C2084: function 'Simulador::Simulador(void)' already has a body
  c:\users\b25448\documents\simulacion-paralela\simulacion\simulacion\simulador.h(118): note: see previous definition of '{ctor}'
c:\users\b25448\documents\simulacion-paralela\simulacion\simulacion\simulador.cpp(9): error C2084: function 'Simulador::~Simulador(void)' already has a body
  c:\users\b25448\documents\simulacion-paralela\simulacion\simulacion\simulador.h(123): note: see previous definition of '{dtor}'
c:\users\b25448\documents\simulacion-paralela\simulacion\simulacion\simulador.cpp(14): error C2084: function 'void Simulador::inicializarPlaya(std::ifstream)' already has a body
  c:\users\b25448\documents\simulacion-paralela\simulacion\simulacion\simulador.h(127): note: see previous definition of 'inicializarPlaya'
c:\users\b25448\documents\simulacion-paralela\simulacion\simulacion\simulador.cpp(24): error C3867: 'Simulador::stod_wrapper': non-standard syntax; use '&' to create a pointer to member
c:\users\b25448\documents\simulacion-paralela\simulacion\simulacion\simulador.cpp(24): error C2672: 'Simulador::lecturaDatosValidados': no matching overloaded function found
c:\users\b25448\documents\simulacion-paralela\simulacion\simulacion\simulador.cpp(34): error C2084: function 'void Simulador::inicializarCuadrantes(std::ifstream)' already has a body
  c:\users\b25448\documents\simulacion-paralela\simulacion\simulacion\simulador.h(131): note: see previous definition of 'inicializarCuadrantes'
c:\users\b25448\documents\simulacion-paralela\simulacion\simulacion\simulador.cpp(41): error C3867: 'Simulador::stod_wrapper': non-standard syntax; use '&' to create a pointer to member
c:\users\b25448\documents\simulacion-paralela\simulacion\simulacion\simulador.cpp(41): error C2672: 'Simulador::lecturaDatosValidados': no matching overloaded function found
c:\users\b25448\documents\simulacion-paralela\simulacion\simulacion\simulador.cpp(42): warning C4244: '=': conversion from '_Ty' to 'int', possible loss of data
          with
          [
              _Ty=double
          ]
c:\users\b25448\documents\simulacion-paralela\simulacion\simulacion\simulador.cpp(43): warning C4244: '=': conversion from '_Ty' to 'int', possible loss of data
          with
          [
              _Ty=double
          ]
c:\users\b25448\documents\simulacion-paralela\simulacion\simulacion\simulador.cpp(51): error C2084: function 'void Simulador::inicializarTransectosVerticales(std::ifstream)' already has a body
  c:\users\b25448\documents\simulacion-paralela\simulacion\simulacion\simulador.h(135): note: see previous definition of 'inicializarTransectosVerticales'
c:\users\b25448\documents\simulacion-paralela\simulacion\simulacion\simulador.cpp(56): error C3867: 'Simulador::stod_wrapper': non-standard syntax; use '&' to create a pointer to member
c:\users\b25448\documents\simulacion-paralela\simulacion\simulacion\simulador.cpp(56): error C2672: 'Simulador::lecturaDatosValidados': no matching overloaded function found
c:\users\b25448\documents\simulacion-paralela\simulacion\simulacion\simulador.cpp(57): warning C4244: '=': conversion from '_Ty' to 'int', possible loss of data
          with
          [
              _Ty=double
          ]
c:\users\b25448\documents\simulacion-paralela\simulacion\simulacion\simulador.cpp(58): warning C4244: '=': conversion from '_Ty' to 'int', possible loss of data
          with
          [
              _Ty=double
          ]
c:\users\b25448\documents\simulacion-paralela\simulacion\simulacion\simulador.cpp(66): error C2084: function 'void Simulador::inicializarTransectoBerma(std::ifstream)' already has a body
  c:\users\b25448\documents\simulacion-paralela\simulacion\simulacion\simulador.h(139): note: see previous definition of 'inicializarTransectoBerma'
c:\users\b25448\documents\simulacion-paralela\simulacion\simulacion\simulador.cpp(67): error C3867: 'Simulador::stod_wrapper': non-standard syntax; use '&' to create a pointer to member
c:\users\b25448\documents\simulacion-paralela\simulacion\simulacion\simulador.cpp(67): error C2672: 'Simulador::lecturaDatosValidados': no matching overloaded function found
c:\users\b25448\documents\simulacion-paralela\simulacion\simulacion\simulador.cpp(68): warning C4244: '=': conversion from '_Ty' to 'int', possible loss of data
          with
          [
              _Ty=double
          ]
c:\users\b25448\documents\simulacion-paralela\simulacion\simulacion\simulador.cpp(69): warning C4244: '=': conversion from '_Ty' to 'int', possible loss of data
          with
          [
              _Ty=double
          ]
c:\users\b25448\documents\simulacion-paralela\simulacion\simulacion\simulador.cpp(70): warning C4244: '=': conversion from '_Ty' to 'int', possible loss of data
          with
          [
              _Ty=double
          ]
c:\users\b25448\documents\simulacion-paralela\simulacion\simulacion\simulador.cpp(71): warning C4244: '=': conversion from '_Ty' to 'int', possible loss of data
          with
          [
              _Ty=double
          ]
c:\users\b25448\documents\simulacion-paralela\simulacion\simulacion\simulador.cpp(80): error C2084: function 'void Simulador::inicializarTortugas(std::ifstream)' already has a body
  c:\users\b25448\documents\simulacion-paralela\simulacion\simulacion\simulador.h(143): note: see previous definition of 'inicializarTortugas'
c:\users\b25448\documents\simulacion-paralela\simulacion\simulacion\simulador.cpp(82): error C3867: 'Simulador::stod_wrapper': non-standard syntax; use '&' to create a pointer to member
c:\users\b25448\documents\simulacion-paralela\simulacion\simulacion\simulador.cpp(82): error C2672: 'Simulador::lecturaDatosValidados': no matching overloaded function found
c:\users\b25448\documents\simulacion-paralela\simulacion\simulacion\simulador.cpp(124): error C2084: function 'void Simulador::inicializarContadores(int,double,double)' already has a body
  c:\users\b25448\documents\simulacion-paralela\simulacion\simulacion\simulador.h(147): note: see previous definition of 'inicializarContadores'
c:\users\b25448\documents\simulacion-paralela\simulacion\simulacion\simulador.cpp(163): error C2084: function 'void Simulador::inicializarArribada(double,double)' already has a body
  c:\users\b25448\documents\simulacion-paralela\simulacion\simulacion\simulador.h(151): note: see previous definition of 'inicializarArribada'
c:\users\b25448\documents\simulacion-paralela\simulacion\simulacion\simulador.cpp(186): error C2084: function 'void Simulador::inicializarMarea(double,double,int)' already has a body
  c:\users\b25448\documents\simulacion-paralela\simulacion\simulacion\simulador.h(155): note: see previous definition of 'inicializarMarea'
c:\users\b25448\documents\simulacion-paralela\simulacion\simulacion\simulador.cpp(190): error C2084: function 'void Simulador::simular(int)' already has a body
  c:\users\b25448\documents\simulacion-paralela\simulacion\simulacion\simulador.h(159): note: see previous definition of 'simular'
c:\users\b25448\documents\simulacion-paralela\simulacion\simulacion\simulador.cpp(199): error C2084: function 'long Simulador::obtTotalTortugasArribaron(void)' already has a body
  c:\users\b25448\documents\simulacion-paralela\simulacion\simulacion\simulador.h(163): note: see previous definition of 'obtTotalTortugasArribaron'
c:\users\b25448\documents\simulacion-paralela\simulacion\simulacion\simulador.cpp(204): error C2084: function 'long Simulador::obtTotalTortugasAnidaron(void)' already has a body
  c:\users\b25448\documents\simulacion-paralela\simulacion\simulacion\simulador.h(168): note: see previous definition of 'obtTotalTortugasAnidaron'
c:\users\b25448\documents\simulacion-paralela\simulacion\simulacion\simulador.cpp(209): error C2084: function 'double Simulador::obtEstimacionXtransectosSobreBerma(void)' already has a body
  c:\users\b25448\documents\simulacion-paralela\simulacion\simulacion\simulador.h(173): note: see previous definition of 'obtEstimacionXtransectosSobreBerma'
c:\users\b25448\documents\simulacion-paralela\simulacion\simulacion\simulador.cpp(214): error C2084: function 'double Simulador::obtEstimacionXtransectoHorizontal(void)' already has a body
  c:\users\b25448\documents\simulacion-paralela\simulacion\simulacion\simulador.h(178): note: see previous definition of 'obtEstimacionXtransectoHorizontal'
c:\users\b25448\documents\simulacion-paralela\simulacion\simulacion\simulador.cpp(219): error C2084: function 'double Simulador::obtEstimacionXcuadrantes(void)' already has a body
  c:\users\b25448\documents\simulacion-paralela\simulacion\simulacion\simulador.h(183): note: see previous definition of 'obtEstimacionXcuadrantes'
c:\users\b25448\documents\simulacion-paralela\simulacion\simulacion\simulador.cpp(223): error C2086: 'std::default_random_engine Simulador::generator': redefinition
  c:\users\b25448\documents\simulacion-paralela\simulacion\simulacion\simulador.h(188): note: see declaration of 'generator'
c:\users\b25448\documents\simulacion-paralela\simulacion\simulacion\simulador.cpp(224): error C2374: 'random_uniform': redefinition; multiple initialization
  c:\users\b25448\documents\simulacion-paralela\simulacion\simulacion\simulador.h(189): note: see declaration of 'random_uniform'
c:\users\b25448\documents\simulacion-paralela\simulacion\simulacion\simulador.cpp(226): error C2084: function 'double Simulador::random_logistic(double,double)' already has a body
  c:\users\b25448\documents\simulacion-paralela\simulacion\simulacion\simulador.h(190): note: see previous definition of 'random_logistic'
c:\users\b25448\documents\simulacion-paralela\simulacion\simulacion\simulador.cpp(229): error C2065: 'public: static std::uniform_real_distribution<double> Simulador::random_uniform': undeclared identifier
c:\users\b25448\documents\simulacion-paralela\simulacion\simulacion\simulador.cpp(229): error C2088: '/': illegal for class
  Tortuga.cpp
c:\users\b25448\documents\simulacion-paralela\simulacion\simulacion\tortuga.h(45): error C2059: syntax error: 'constant'
c:\users\b25448\documents\simulacion-paralela\simulacion\simulacion\tortuga.cpp(65): warning C4244: '+=': conversion from 'double' to '_Ty2', possible loss of data
          with
          [
              _Ty2=int
          ]
  Generating Code...
